\\mac\home\documents\rackafxprojects\plate verb\rafx2 winbuild\build\plate verb.lib
\\mac\home\documents\rackafxprojects\plate verb\rafx2 winbuild\build\plate verb.exp
\\mac\home\documents\rackafxprojects\plate verb\rafx2 winbuild\build\plate verb.pdb
\\mac\home\documents\rackafxprojects\plate verb\rafx2 winbuild\build\pluginguimain.res
\\mac\home\documents\rackafxprojects\plate verb\rafx2 winbuild\build\vc142.pdb
\\mac\home\documents\rackafxprojects\plate verb\rafx2 winbuild\build\vc142.idb
\\mac\home\documents\rackafxprojects\plate verb\rafx2 winbuild\build\vstgui_uidescription_win32.obj
\\mac\home\documents\rackafxprojects\plate verb\rafx2 winbuild\build\vstgui_win32.obj
\\mac\home\documents\rackafxprojects\plate verb\rafx2 winbuild\build\customcontrols.obj
\\mac\home\documents\rackafxprojects\plate verb\rafx2 winbuild\build\customviews.obj
\\mac\home\documents\rackafxprojects\plate verb\rafx2 winbuild\build\pluginbase.obj
\\mac\home\documents\rackafxprojects\plate verb\rafx2 winbuild\build\plugincore.obj
\\mac\home\documents\rackafxprojects\plate verb\rafx2 winbuild\build\plugingui.obj
\\mac\home\documents\rackafxprojects\plate verb\rafx2 winbuild\build\pluginparameter.obj
\\mac\home\documents\rackafxprojects\plate verb\rafx2 winbuild\build\fxobjects.obj
\\mac\home\documents\rackafxprojects\plate verb\rafx2 winbuild\build\rackafxdll.obj
\\mac\home\documents\rackafxprojects\plate verb\rafx2 winbuild\build\rafx2plugin.obj
\\mac\home\documents\rackafxprojects\plate verb\rafx2 winbuild\build\rafx2pluginbase.obj
c:\users\michaelmartinaitis\appdata\roaming\rackafx 7.0\plugins\plate verb.pdb
c:\users\michaelmartinaitis\appdata\roaming\rackafx 7.0\plugins\plate verb.rafx2
\\mac\home\documents\rackafxprojects\plate verb\rafx2 winbuild\build\plate verb.tlog\link.read.1.tlog
\\mac\home\documents\rackafxprojects\plate verb\rafx2 winbuild\build\plate verb.tlog\link.command.1.tlog
\\mac\home\documents\rackafxprojects\plate verb\rafx2 winbuild\build\plate verb.tlog\plate verb.write.1u.tlog
\\mac\home\documents\rackafxprojects\plate verb\rafx2 winbuild\build\plate verb.tlog\rc.command.1.tlog
\\mac\home\documents\rackafxprojects\plate verb\rafx2 winbuild\build\plate verb.tlog\link.write.1.tlog
\\mac\home\documents\rackafxprojects\plate verb\rafx2 winbuild\build\plate verb.tlog\cl.read.1.tlog
\\mac\home\documents\rackafxprojects\plate verb\rafx2 winbuild\build\plate verb.tlog\rc.write.1.tlog
\\mac\home\documents\rackafxprojects\plate verb\rafx2 winbuild\build\plate verb.tlog\cl.command.1.tlog
\\mac\home\documents\rackafxprojects\plate verb\rafx2 winbuild\build\plate verb.tlog\rc.read.1.tlog
\\mac\home\documents\rackafxprojects\plate verb\rafx2 winbuild\build\plate verb.tlog\cl.write.1.tlog
